<?xml version="1.0" encoding="UTF-8"?>
<!-- Generated by org.testng.reporters.JUnitReportReporter -->
<testsuite skipped="0" hostname="DESKTOP-3JAOULJ" name="com.crm.qa.testcases.HomePageTest" tests="1" failures="0" timestamp="28 Jul 2019 08:52:21 GMT" time="13.921" errors="0">
  <testcase name="HomePagetitleTest" time="13.921" classname="com.crm.qa.testcases.HomePageTest"/>
</testsuite> <!-- com.crm.qa.testcases.HomePageTest -->
