<?xml version="1.0" encoding="UTF-8"?>
<!-- Generated by org.testng.reporters.JUnitReportReporter -->
<testsuite skipped="0" hostname="DESKTOP-3JAOULJ" name="com.crm.qa.testcases.HomePageTest" tests="1" failures="0" timestamp="06 Jun 2019 11:21:56 GMT" time="17.086" errors="0">
  <testcase name="HomePagetitleTest" time="17.086" classname="com.crm.qa.testcases.HomePageTest"/>
</testsuite> <!-- com.crm.qa.testcases.HomePageTest -->
